#
# There is insufficient memory for the Java Runtime Environment to continue.
# Native memory allocation (malloc) failed to allocate 1270736 bytes for Chunk::new
# Possible reasons:
#   The system is out of physical RAM or swap space
#   In 32 bit mode, the process size limit was hit
# Possible solutions:
#   Reduce memory load on the system
#   Increase physical memory or swap space
#   Check if swap backing store is full
#   Use 64 bit Java on a 64 bit OS
#   Decrease Java heap size (-Xmx/-Xms)
#   Decrease number of Java threads
#   Decrease Java thread stack sizes (-Xss)
#   Set larger code cache with -XX:ReservedCodeCacheSize=
# This output file may be truncated or incomplete.
#
#  Out of Memory Error (allocation.cpp:390), pid=7944, tid=0x00000000000020d0
#
# JRE version: Java(TM) SE Runtime Environment (8.0_161-b12) (build 1.8.0_161-b12)
# Java VM: Java HotSpot(TM) 64-Bit Server VM (25.161-b12 mixed mode windows-amd64 compressed oops)
# Failed to write core dump. Minidumps are not enabled by default on client versions of Windows
#

---------------  T H R E A D  ---------------

Current thread (0x0000000019c22800):  JavaThread "C2 CompilerThread1" daemon [_thread_in_native, id=8400, stack(0x000000001a730000,0x000000001a830000)]

Stack: [0x000000001a730000,0x000000001a830000]
[error occurred during error reporting (printing stack bounds), id 0xc0000005]

Native frames: (J=compiled Java code, j=interpreted, Vv=VM code, C=native code)


Current CompileTask:
C2:   7906 3626       4       org.springframework.core.ResolvableType::forType (115 bytes)


---------------  P R O C E S S  ---------------

Java Threads: ( => current thread )
  0x000000001fa7a800 JavaThread "HikariPool-1 connection adder" daemon [_thread_blocked, id=9324, stack(0x00000000207e0000,0x00000000208e0000)]
  0x000000001fa7a000 JavaThread "HikariPool-1 housekeeper" daemon [_thread_blocked, id=3840, stack(0x0000000020430000,0x0000000020530000)]
  0x000000001fa79000 JavaThread "PostgreSQL-JDBC-SharedTimer-1" daemon [_thread_blocked, id=10788, stack(0x0000000020330000,0x0000000020430000)]
  0x0000000019cdb000 JavaThread "Service Thread" daemon [_thread_blocked, id=9696, stack(0x000000001a930000,0x000000001aa30000)]
  0x0000000019c23800 JavaThread "C1 CompilerThread2" daemon [_thread_blocked, id=10864, stack(0x000000001a830000,0x000000001a930000)]
=>0x0000000019c22800 JavaThread "C2 CompilerThread1" daemon [_thread_in_native, id=8400, stack(0x000000001a730000,0x000000001a830000)]
  0x0000000019bb4000 JavaThread "C2 CompilerThread0" daemon [_thread_in_native, id=9700, stack(0x000000001a630000,0x000000001a730000)]
  0x0000000017dc9800 JavaThread "JDWP Command Reader" daemon [_thread_in_native, id=8964, stack(0x00000000195f0000,0x00000000196f0000)]
  0x0000000017dc6000 JavaThread "JDWP Event Helper Thread" daemon [_thread_blocked, id=5156, stack(0x00000000194f0000,0x00000000195f0000)]
  0x0000000017db9800 JavaThread "JDWP Transport Listener: dt_socket" daemon [_thread_blocked, id=1124, stack(0x00000000193f0000,0x00000000194f0000)]
  0x0000000017db0000 JavaThread "Attach Listener" daemon [_thread_blocked, id=9676, stack(0x00000000192f0000,0x00000000193f0000)]
  0x0000000017daf000 JavaThread "Signal Dispatcher" daemon [_thread_blocked, id=10044, stack(0x00000000191f0000,0x00000000192f0000)]
  0x0000000017d90000 JavaThread "Finalizer" daemon [_thread_blocked, id=10912, stack(0x0000000018ff0000,0x00000000190f0000)]
  0x00000000030d8000 JavaThread "Reference Handler" daemon [_thread_blocked, id=1188, stack(0x0000000018ef0000,0x0000000018ff0000)]
  0x0000000002fe8000 JavaThread "main" [_thread_blocked, id=6912, stack(0x0000000002ee0000,0x0000000002fe0000)]

Other Threads:
  0x0000000017d67800 VMThread [stack: 0x0000000018df0000,0x0000000018ef0000] [id=652]
  0x0000000019bb5000 WatcherThread [stack: 0x000000001aa30000,0x000000001ab30000] [id=12124]

VM state:at safepoint (normal execution)

VM Mutex/Monitor currently owned by a thread:  ([mutex/lock_event])
[0x0000000002fe58b0] Threads_lock - owner thread: 0x0000000017d67800
[0x0000000002fe6540] Heap_lock - owner thread: 0x0000000002fe8000

Heap:
 PSYoungGen      total 172032K, used 3074K [0x00000000d5b00000, 0x00000000e3480000, 0x0000000100000000)
  eden space 157696K, 0% used [0x00000000d5b00000,0x00000000d5b00000,0x00000000df500000)
  from space 14336K, 21% used [0x00000000df500000,0x00000000df800870,0x00000000e0300000)
  to   space 14336K, 0% used [0x00000000e2680000,0x00000000e2680000,0x00000000e3480000)
 ParOldGen       total 100864K, used 19568K [0x0000000081000000, 0x0000000087280000, 0x00000000d5b00000)
  object space 100864K, 19% used [0x0000000081000000,0x000000008231c2b8,0x0000000087280000)
 Metaspace       used 36909K, capacity 38200K, committed 38232K, reserved 1087488K
  class space    used 4718K, capacity 4992K, committed 4992K, reserved 1048576K

Card table byte_map: [0x00000000125a0000,0x00000000129a0000] byte_map_base: 0x0000000012198000

Marking Bits: (ParMarkBitMap*) 0x000000006d06f860
 Begin Bits: [0x0000000013050000, 0x0000000015010000)
 End Bits:   [0x0000000015010000, 0x0000000016fd0000)

Polling page: 0x0000000001160000

CodeCache: size=245760Kb used=14200Kb max_used=14200Kb free=231559Kb
 bounds [0x00000000031e0000, 0x0000000003fd0000, 0x00000000121e0000]
 total_blobs=4074 nmethods=3654 adapters=339
 compilation: enabled

Compilation events (10 events):
Event: 7.750 Thread 0x0000000019c23800 nmethod 3684 0x0000000003f98f90 code [0x0000000003f99100, 0x0000000003f99328]
Event: 7.750 Thread 0x0000000019c23800 3685   !   3       org.springframework.core.type.filter.AbstractTypeHierarchyTraversingFilter::match (281 bytes)
Event: 7.753 Thread 0x0000000019c23800 nmethod 3685 0x0000000003f99410 code [0x0000000003f99840, 0x0000000003f9c0a8]
Event: 7.753 Thread 0x0000000019c23800 3687       3       java.util.jar.JarFile::getEntry (22 bytes)
Event: 7.753 Thread 0x0000000019c23800 nmethod 3687 0x0000000003f9d550 code [0x0000000003f9d6e0, 0x0000000003f9da58]
Event: 7.753 Thread 0x0000000019c23800 3689   !   3       java.util.zip.ZipFile::getEntry (101 bytes)
Event: 7.753 Thread 0x0000000019c23800 nmethod 3689 0x0000000003f9dbd0 code [0x0000000003f9dda0, 0x0000000003f9e498]
Event: 7.753 Thread 0x0000000019c23800 3690   !   3       java.net.URL::<init> (543 bytes)
Event: 7.757 Thread 0x0000000019c23800 nmethod 3690 0x0000000003f9e7d0 code [0x0000000003f9ed00, 0x0000000003fa38b8]
Event: 7.758 Thread 0x0000000019c23800 3688       3       java.util.zip.ZipCoder::getBytes (192 bytes)

GC Heap History (10 events):
Event: 3.857 GC heap before
{Heap before GC invocations=6 (full 1):
 PSYoungGen      total 71680K, used 5111K [0x00000000d5b00000, 0x00000000dee00000, 0x0000000100000000)
  eden space 66560K, 0% used [0x00000000d5b00000,0x00000000d5b00000,0x00000000d9c00000)
  from space 5120K, 99% used [0x00000000d9c00000,0x00000000da0fde28,0x00000000da100000)
  to   space 8704K, 0% used [0x00000000de580000,0x00000000de580000,0x00000000dee00000)
 ParOldGen       total 87552K, used 4204K [0x0000000081000000, 0x0000000086580000, 0x00000000d5b00000)
  object space 87552K, 4% used [0x0000000081000000,0x000000008141b1e0,0x0000000086580000)
 Metaspace       used 20572K, capacity 21134K, committed 21248K, reserved 1067008K
  class space    used 2613K, capacity 2771K, committed 2816K, reserved 1048576K
Event: 3.909 GC heap after
Heap after GC invocations=6 (full 1):
 PSYoungGen      total 71680K, used 0K [0x00000000d5b00000, 0x00000000dee00000, 0x0000000100000000)
  eden space 66560K, 0% used [0x00000000d5b00000,0x00000000d5b00000,0x00000000d9c00000)
  from space 5120K, 0% used [0x00000000d9c00000,0x00000000d9c00000,0x00000000da100000)
  to   space 8704K, 0% used [0x00000000de580000,0x00000000de580000,0x00000000dee00000)
 ParOldGen       total 59392K, used 8422K [0x0000000081000000, 0x0000000084a00000, 0x00000000d5b00000)
  object space 59392K, 14% used [0x0000000081000000,0x0000000081839840,0x0000000084a00000)
 Metaspace       used 20572K, capacity 21134K, committed 21248K, reserved 1067008K
  class space    used 2613K, capacity 2771K, committed 2816K, reserved 1048576K
}
Event: 4.607 GC heap before
{Heap before GC invocations=7 (full 1):
 PSYoungGen      total 71680K, used 66560K [0x00000000d5b00000, 0x00000000dee00000, 0x0000000100000000)
  eden space 66560K, 100% used [0x00000000d5b00000,0x00000000d9c00000,0x00000000d9c00000)
  from space 5120K, 0% used [0x00000000d9c00000,0x00000000d9c00000,0x00000000da100000)
  to   space 8704K, 0% used [0x00000000de580000,0x00000000de580000,0x00000000dee00000)
 ParOldGen       total 59392K, used 8422K [0x0000000081000000, 0x0000000084a00000, 0x00000000d5b00000)
  object space 59392K, 14% used [0x0000000081000000,0x0000000081839840,0x0000000084a00000)
 Metaspace       used 25811K, capacity 26678K, committed 26880K, reserved 1073152K
  class space    used 3271K, capacity 3473K, committed 3584K, reserved 1048576K
Event: 4.618 GC heap after
Heap after GC invocations=7 (full 1):
 PSYoungGen      total 110080K, used 6332K [0x00000000d5b00000, 0x00000000dec00000, 0x0000000100000000)
  eden space 103424K, 0% used [0x00000000d5b00000,0x00000000d5b00000,0x00000000dc000000)
  from space 6656K, 95% used [0x00000000de580000,0x00000000debaf290,0x00000000dec00000)
  to   space 8704K, 0% used [0x00000000ddb00000,0x00000000ddb00000,0x00000000de380000)
 ParOldGen       total 59392K, used 8494K [0x0000000081000000, 0x0000000084a00000, 0x00000000d5b00000)
  object space 59392K, 14% used [0x0000000081000000,0x000000008184b850,0x0000000084a00000)
 Metaspace       used 25811K, capacity 26678K, committed 26880K, reserved 1073152K
  class space    used 3271K, capacity 3473K, committed 3584K, reserved 1048576K
}
Event: 5.400 GC heap before
{Heap before GC invocations=8 (full 1):
 PSYoungGen      total 110080K, used 109756K [0x00000000d5b00000, 0x00000000dec00000, 0x0000000100000000)
  eden space 103424K, 100% used [0x00000000d5b00000,0x00000000dc000000,0x00000000dc000000)
  from space 6656K, 95% used [0x00000000de580000,0x00000000debaf290,0x00000000dec00000)
  to   space 8704K, 0% used [0x00000000ddb00000,0x00000000ddb00000,0x00000000de380000)
 ParOldGen       total 59392K, used 8494K [0x0000000081000000, 0x0000000084a00000, 0x00000000d5b00000)
  object space 59392K, 14% used [0x0000000081000000,0x000000008184b850,0x0000000084a00000)
 Metaspace       used 29229K, capacity 30304K, committed 30464K, reserved 1075200K
  class space    used 3789K, capacity 4006K, committed 4096K, reserved 1048576K
Event: 5.412 GC heap after
Heap after GC invocations=8 (full 1):
 PSYoungGen      total 139776K, used 8682K [0x00000000d5b00000, 0x00000000e0e00000, 0x0000000100000000)
  eden space 131072K, 0% used [0x00000000d5b00000,0x00000000d5b00000,0x00000000ddb00000)
  from space 8704K, 99% used [0x00000000ddb00000,0x00000000de37a918,0x00000000de380000)
  to   space 11264K, 0% used [0x00000000e0300000,0x00000000e0300000,0x00000000e0e00000)
 ParOldGen       total 59392K, used 11164K [0x0000000081000000, 0x0000000084a00000, 0x00000000d5b00000)
  object space 59392K, 18% used [0x0000000081000000,0x0000000081ae72e8,0x0000000084a00000)
 Metaspace       used 29229K, capacity 30304K, committed 30464K, reserved 1075200K
  class space    used 3789K, capacity 4006K, committed 4096K, reserved 1048576K
}
Event: 7.083 GC heap before
{Heap before GC invocations=9 (full 1):
 PSYoungGen      total 139776K, used 134486K [0x00000000d5b00000, 0x00000000e0e00000, 0x0000000100000000)
  eden space 131072K, 95% used [0x00000000d5b00000,0x00000000dd5daff0,0x00000000ddb00000)
  from space 8704K, 99% used [0x00000000ddb00000,0x00000000de37a918,0x00000000de380000)
  to   space 11264K, 0% used [0x00000000e0300000,0x00000000e0300000,0x00000000e0e00000)
 ParOldGen       total 59392K, used 11164K [0x0000000081000000, 0x0000000084a00000, 0x00000000d5b00000)
  object space 59392K, 18% used [0x0000000081000000,0x0000000081ae72e8,0x0000000084a00000)
 Metaspace       used 34059K, capacity 35300K, committed 35416K, reserved 1079296K
  class space    used 4402K, capacity 4678K, committed 4736K, reserved 1048576K
Event: 7.103 GC heap after
Heap after GC invocations=9 (full 1):
 PSYoungGen      total 168960K, used 11244K [0x00000000d5b00000, 0x00000000e3b00000, 0x0000000100000000)
  eden space 157696K, 0% used [0x00000000d5b00000,0x00000000d5b00000,0x00000000df500000)
  from space 11264K, 99% used [0x00000000e0300000,0x00000000e0dfb3e0,0x00000000e0e00000)
  to   space 14336K, 0% used [0x00000000df500000,0x00000000df500000,0x00000000e0300000)
 ParOldGen       total 59392K, used 14981K [0x0000000081000000, 0x0000000084a00000, 0x00000000d5b00000)
  object space 59392K, 25% used [0x0000000081000000,0x0000000081ea16d0,0x0000000084a00000)
 Metaspace       used 34059K, capacity 35300K, committed 35416K, reserved 1079296K
  class space    used 4402K, capacity 4678K, committed 4736K, reserved 1048576K
}
Event: 7.103 GC heap before
{Heap before GC invocations=10 (full 2):
 PSYoungGen      total 168960K, used 11244K [0x00000000d5b00000, 0x00000000e3b00000, 0x0000000100000000)
  eden space 157696K, 0% used [0x00000000d5b00000,0x00000000d5b00000,0x00000000df500000)
  from space 11264K, 99% used [0x00000000e0300000,0x00000000e0dfb3e0,0x00000000e0e00000)
  to   space 14336K, 0% used [0x00000000df500000,0x00000000df500000,0x00000000e0300000)
 ParOldGen       total 59392K, used 14981K [0x0000000081000000, 0x0000000084a00000, 0x00000000d5b00000)
  object space 59392K, 25% used [0x0000000081000000,0x0000000081ea16d0,0x0000000084a00000)
 Metaspace       used 34059K, capacity 35300K, committed 35416K, reserved 1079296K
  class space    used 4402K, capacity 4678K, committed 4736K, reserved 1048576K
Event: 7.205 GC heap after
Heap after GC invocations=10 (full 2):
 PSYoungGen      total 168960K, used 0K [0x00000000d5b00000, 0x00000000e3b00000, 0x0000000100000000)
  eden space 157696K, 0% used [0x00000000d5b00000,0x00000000d5b00000,0x00000000df500000)
  from space 11264K, 0% used [0x00000000e0300000,0x00000000e0300000,0x00000000e0e00000)
  to   space 14336K, 0% used [0x00000000df500000,0x00000000df500000,0x00000000e0300000)
 ParOldGen       total 100864K, used 19568K [0x0000000081000000, 0x0000000087280000, 0x00000000d5b00000)
  object space 100864K, 19% used [0x0000000081000000,0x000000008231c2b8,0x0000000087280000)
 Metaspace       used 34059K, capacity 35300K, committed 35416K, reserved 1079296K
  class space    used 4402K, capacity 4678K, committed 4736K, reserved 1048576K
}

Deoptimization events (10 events):
Event: 7.222 Thread 0x0000000002fe8000 Uncommon trap: reason=unstable_if action=reinterpret pc=0x000000000378e33c method=java.lang.CharacterDataLatin1.isWhitespace(I)Z @ 14
Event: 7.222 Thread 0x0000000002fe8000 Uncommon trap: reason=unstable_if action=reinterpret pc=0x0000000003500f64 method=java.lang.CharacterDataLatin1.isWhitespace(I)Z @ 14
Event: 7.350 Thread 0x0000000002fe8000 Uncommon trap: reason=unstable_if action=reinterpret pc=0x00000000034a6a88 method=java.lang.String.lastIndexOf([CII[CIII)I @ 118
Event: 7.677 Thread 0x0000000002fe8000 Uncommon trap: reason=unstable_if action=reinterpret pc=0x0000000003ee1c40 method=java.lang.Class.searchMethods([Ljava/lang/reflect/Method;Ljava/lang/String;[Ljava/lang/Class;)Ljava/lang/reflect/Method; @ 47
Event: 7.751 Thread 0x0000000002fe8000 Uncommon trap: reason=unstable_if action=reinterpret pc=0x000000000339c328 method=java.util.zip.ZipCoder.getBytes(Ljava/lang/String;)[B @ 32
Event: 7.751 Thread 0x0000000002fe8000 Uncommon trap: reason=unstable_if action=reinterpret pc=0x00000000033b8a98 method=java.util.zip.ZipCoder.getBytes(Ljava/lang/String;)[B @ 32
Event: 7.751 Thread 0x0000000002fe8000 Uncommon trap: reason=unstable_if action=reinterpret pc=0x00000000033787ec method=java.util.zip.ZipCoder.getBytes(Ljava/lang/String;)[B @ 32
Event: 7.751 Thread 0x0000000002fe8000 Uncommon trap: reason=unstable_if action=reinterpret pc=0x0000000003866aa8 method=java.net.URL.<init>(Ljava/net/URL;Ljava/lang/String;Ljava/net/URLStreamHandler;)V @ 57
Event: 7.751 Thread 0x0000000002fe8000 Uncommon trap: reason=unstable_if action=reinterpret pc=0x00000000036e30d8 method=java.net.URLStreamHandler.parseURL(Ljava/net/URL;Ljava/lang/String;II)V @ 57
Event: 7.751 Thread 0x0000000002fe8000 Uncommon trap: reason=unstable_if action=reinterpret pc=0x0000000003813130 method=java.io.WinNTFileSystem.resolve(Ljava/lang/String;Ljava/lang/String;)Ljava/lang/String; @ 19

Classes redefined (0 events):
No events

Internal exceptions (10 events):
Event: 7.726 Thread 0x0000000002fe8000 Exception <a 'java/lang/ClassNotFoundException': org/springframework/context/ResourceLoaderAwareCustomizer> (0x00000000d79cc5d0) thrown at [C:\re\workspace\8-2-build-windows-amd64-cygwin\jdk8u161\10277\hotspot\src\share\vm\classfile\systemDictionary.cpp, 
Event: 7.726 Thread 0x0000000002fe8000 Exception <a 'java/lang/ClassNotFoundException': org/springframework/context/weaving/LoadTimeWeaverAwareCustomizer> (0x00000000d79ed5f0) thrown at [C:\re\workspace\8-2-build-windows-amd64-cygwin\jdk8u161\10277\hotspot\src\share\vm\classfile\systemDictiona
Event: 7.727 Thread 0x0000000002fe8000 Exception <a 'java/lang/ClassNotFoundException': org/springframework/beans/factory/FactoryBeanCustomizer> (0x00000000d7a0b430) thrown at [C:\re\workspace\8-2-build-windows-amd64-cygwin\jdk8u161\10277\hotspot\src\share\vm\classfile\systemDictionary.cpp, li
Event: 7.728 Thread 0x0000000002fe8000 Exception <a 'java/lang/ClassNotFoundException': org/springframework/beans/factory/BeanClassLoaderAwareCustomizer> (0x00000000d7a30340) thrown at [C:\re\workspace\8-2-build-windows-amd64-cygwin\jdk8u161\10277\hotspot\src\share\vm\classfile\systemDictionar
Event: 7.729 Thread 0x0000000002fe8000 Exception <a 'java/lang/ClassNotFoundException': org/springframework/beans/factory/BeanFactoryAwareCustomizer> (0x00000000d7a4fc60) thrown at [C:\re\workspace\8-2-build-windows-amd64-cygwin\jdk8u161\10277\hotspot\src\share\vm\classfile\systemDictionary.cp
Event: 7.729 Thread 0x0000000002fe8000 Exception <a 'java/lang/ClassNotFoundException': org/springframework/beans/factory/BeanNameAwareCustomizer> (0x00000000d7a6e3f0) thrown at [C:\re\workspace\8-2-build-windows-amd64-cygwin\jdk8u161\10277\hotspot\src\share\vm\classfile\systemDictionary.cpp, 
Event: 7.730 Thread 0x0000000002fe8000 Exception <a 'java/lang/ClassNotFoundException': org/springframework/beans/factory/InitializingBeanCustomizer> (0x00000000d7a8dc28) thrown at [C:\re\workspace\8-2-build-windows-amd64-cygwin\jdk8u161\10277\hotspot\src\share\vm\classfile\systemDictionary.cp
Event: 7.730 Thread 0x0000000002fe8000 Exception <a 'java/lang/ClassNotFoundException': org/springframework/beans/factory/DisposableBeanCustomizer> (0x00000000d7aab6d0) thrown at [C:\re\workspace\8-2-build-windows-amd64-cygwin\jdk8u161\10277\hotspot\src\share\vm\classfile\systemDictionary.cpp,
Event: 7.731 Thread 0x0000000002fe8000 Exception <a 'java/lang/ClassNotFoundException': org/springframework/orm/jpa/EntityManagerFactoryInfoCustomizer> (0x00000000d7acb080) thrown at [C:\re\workspace\8-2-build-windows-amd64-cygwin\jdk8u161\10277\hotspot\src\share\vm\classfile\systemDictionary.
Event: 7.732 Thread 0x0000000002fe8000 Exception <a 'java/lang/ClassNotFoundException': org/springframework/dao/support/PersistenceExceptionTranslatorCustomizer> (0x00000000d7afaae0) thrown at [C:\re\workspace\8-2-build-windows-amd64-cygwin\jdk8u161\10277\hotspot\src\share\vm\classfile\systemD

Events (10 events):
Event: 7.755 loading class org/hibernate/dialect/PostgreSQL91Dialect
Event: 7.755 loading class org/hibernate/dialect/PostgreSQL91Dialect done
Event: 7.755 loading class org/hibernate/dialect/PostgreSQL9Dialect
Event: 7.755 loading class org/hibernate/dialect/PostgreSQL9Dialect done
Event: 7.756 loading class org/hibernate/dialect/PostgreSQL82Dialect
Event: 7.756 loading class org/hibernate/dialect/PostgreSQL82Dialect done
Event: 7.756 loading class org/hibernate/dialect/PostgreSQL81Dialect
Event: 7.756 loading class org/hibernate/dialect/PostgreSQL81Dialect done
Event: 7.758 loading class org/hibernate/dialect/Dialect
Event: 7.758 loading class org/hibernate/dialect/Dialect done


Dynamic libraries:
0x00007ff757c70000 - 0x00007ff757ca7000 	C:\Program Files\Java\jdk1.8.0_161\bin\java.exe
0x00007ff927e70000 - 0x00007ff92805d000 	C:\Windows\SYSTEM32\ntdll.dll
0x00007ff9277e0000 - 0x00007ff927893000 	C:\Windows\System32\KERNEL32.DLL
0x00007ff924d60000 - 0x00007ff924ff3000 	C:\Windows\System32\KERNELBASE.dll
0x00007ff927210000 - 0x00007ff9272b3000 	C:\Windows\System32\ADVAPI32.dll
0x00007ff927920000 - 0x00007ff9279be000 	C:\Windows\System32\msvcrt.dll
0x00007ff9272c0000 - 0x00007ff92735e000 	C:\Windows\System32\sechost.dll
0x00007ff9279c0000 - 0x00007ff927ae2000 	C:\Windows\System32\RPCRT4.dll
0x00007ff927af0000 - 0x00007ff927c87000 	C:\Windows\System32\USER32.dll
0x00007ff924d40000 - 0x00007ff924d60000 	C:\Windows\System32\win32u.dll
0x00007ff926920000 - 0x00007ff926949000 	C:\Windows\System32\GDI32.dll
0x00007ff9242d0000 - 0x00007ff92446a000 	C:\Windows\System32\gdi32full.dll
0x00007ff923fa0000 - 0x00007ff924040000 	C:\Windows\System32\msvcp_win.dll
0x00007ff9244f0000 - 0x00007ff9245ea000 	C:\Windows\System32\ucrtbase.dll
0x00007ff918260000 - 0x00007ff9184d9000 	C:\Windows\WinSxS\amd64_microsoft.windows.common-controls_6595b64144ccf1df_6.0.17763.379_none_05b83be8071c94a1\COMCTL32.dll
0x00007ff926a00000 - 0x00007ff926d2d000 	C:\Windows\System32\combase.dll
0x00007ff924470000 - 0x00007ff9244ee000 	C:\Windows\System32\bcryptPrimitives.dll
0x00007ff926800000 - 0x00007ff92682e000 	C:\Windows\System32\IMM32.DLL
0x000000006d0f0000 - 0x000000006d1c2000 	C:\Program Files\Java\jdk1.8.0_161\jre\bin\msvcr100.dll
0x000000006c850000 - 0x000000006d0ef000 	C:\Program Files\Java\jdk1.8.0_161\jre\bin\server\jvm.dll
0x00007ff926910000 - 0x00007ff926918000 	C:\Windows\System32\PSAPI.DLL
0x00007ff914410000 - 0x00007ff914419000 	C:\Windows\SYSTEM32\WSOCK32.dll
0x00007ff926f00000 - 0x00007ff926f6d000 	C:\Windows\System32\WS2_32.dll
0x00007ff921470000 - 0x00007ff921494000 	C:\Windows\SYSTEM32\WINMM.dll
0x00007ff91f170000 - 0x00007ff91f17a000 	C:\Windows\SYSTEM32\VERSION.dll
0x00007ff921440000 - 0x00007ff92146d000 	C:\Windows\SYSTEM32\WINMMBASE.dll
0x00007ff925030000 - 0x00007ff92507a000 	C:\Windows\System32\cfgmgr32.dll
0x000000006c840000 - 0x000000006c84f000 	C:\Program Files\Java\jdk1.8.0_161\jre\bin\verify.dll
0x000000006c810000 - 0x000000006c839000 	C:\Program Files\Java\jdk1.8.0_161\jre\bin\java.dll
0x000000006c730000 - 0x000000006c765000 	C:\Program Files\Java\jdk1.8.0_161\jre\bin\jdwp.dll
0x000000006c720000 - 0x000000006c728000 	C:\Program Files\Java\jdk1.8.0_161\jre\bin\npt.dll
0x000000006c7c0000 - 0x000000006c7e3000 	C:\Program Files\Java\jdk1.8.0_161\jre\bin\instrument.dll
0x000000006c7f0000 - 0x000000006c806000 	C:\Program Files\Java\jdk1.8.0_161\jre\bin\zip.dll
0x00007ff925150000 - 0x00007ff926640000 	C:\Windows\System32\SHELL32.dll
0x00007ff9250a0000 - 0x00007ff925148000 	C:\Windows\System32\shcore.dll
0x00007ff9245f0000 - 0x00007ff924d3a000 	C:\Windows\System32\windows.storage.dll
0x00007ff923f10000 - 0x00007ff923f34000 	C:\Windows\System32\profapi.dll
0x00007ff923eb0000 - 0x00007ff923f0d000 	C:\Windows\System32\powrprof.dll
0x00007ff927dc0000 - 0x00007ff927e12000 	C:\Windows\System32\shlwapi.dll
0x00007ff923e90000 - 0x00007ff923ea1000 	C:\Windows\System32\kernel.appcore.dll
0x00007ff925080000 - 0x00007ff925097000 	C:\Windows\System32\cryptsp.dll
0x000000006c710000 - 0x000000006c719000 	C:\Program Files\Java\jdk1.8.0_161\jre\bin\dt_socket.dll
0x00007ff923690000 - 0x00007ff9236f7000 	C:\Windows\system32\mswsock.dll
0x00007ff923250000 - 0x00007ff923283000 	C:\Windows\system32\rsaenh.dll
0x00007ff925000000 - 0x00007ff925026000 	C:\Windows\System32\bcrypt.dll
0x00007ff923d70000 - 0x00007ff923d98000 	C:\Windows\SYSTEM32\USERENV.dll
0x00007ff923860000 - 0x00007ff92386c000 	C:\Windows\SYSTEM32\CRYPTBASE.dll
0x000000006c7a0000 - 0x000000006c7ba000 	C:\Program Files\Java\jdk1.8.0_161\jre\bin\net.dll
0x00007ff9233f0000 - 0x00007ff92342d000 	C:\Windows\SYSTEM32\IPHLPAPI.DLL
0x00007ff926640000 - 0x00007ff926648000 	C:\Windows\System32\NSI.dll
0x00007ff918f40000 - 0x00007ff918f56000 	C:\Windows\SYSTEM32\dhcpcsvc6.DLL
0x00007ff918f80000 - 0x00007ff918f9c000 	C:\Windows\SYSTEM32\dhcpcsvc.DLL
0x00007ff923430000 - 0x00007ff9234f6000 	C:\Windows\SYSTEM32\DNSAPI.dll
0x000000006c770000 - 0x000000006c781000 	C:\Program Files\Java\jdk1.8.0_161\jre\bin\nio.dll
0x000000006c790000 - 0x000000006c79d000 	C:\Program Files\Java\jdk1.8.0_161\jre\bin\management.dll
0x00007ff90f740000 - 0x00007ff90f756000 	C:\Windows\system32\napinsp.dll
0x00007ff90f910000 - 0x00007ff90f92a000 	C:\Windows\system32\pnrpnsp.dll
0x00007ff90f900000 - 0x00007ff90f90e000 	C:\Windows\System32\winrnr.dll
0x00007ff9200f0000 - 0x00007ff92010b000 	C:\Windows\system32\NLAapi.dll
0x00007ff91ac60000 - 0x00007ff91ac75000 	C:\Windows\system32\wshbth.dll
0x00007ff917fd0000 - 0x00007ff917fda000 	C:\Windows\System32\rasadhlp.dll
0x00007ff9180b0000 - 0x00007ff918129000 	C:\Windows\System32\fwpuclnt.dll

VM Arguments:
jvm_args: -agentlib:jdwp=transport=dt_socket,address=127.0.0.1:54772,suspend=y,server=n -ea -Didea.test.cyclic.buffer.size=1048576 -javaagent:C:\Users\Максим158\.IntelliJIdea2018.3\system\captureAgent\debugger-agent.jar -Dfile.encoding=UTF-8 
java_command: com.intellij.rt.execution.junit.JUnitStarter -ideVersion5 -junit4 net.ukr.MainControllerTest
java_class_path (initial): C:\Program Files\JetBrains\IntelliJ IDEA 2018.3.3\lib\idea_rt.jar;C:\Program Files\JetBrains\IntelliJ IDEA 2018.3.3\plugins\junit\lib\junit-rt.jar;C:\Program Files\JetBrains\IntelliJ IDEA 2018.3.3\plugins\junit\lib\junit5-rt.jar;C:\Program Files\Java\jdk1.8.0_161\jre\lib\charsets.jar;C:\Program Files\Java\jdk1.8.0_161\jre\lib\deploy.jar;C:\Program Files\Java\jdk1.8.0_161\jre\lib\ext\access-bridge-64.jar;C:\Program Files\Java\jdk1.8.0_161\jre\lib\ext\cldrdata.jar;C:\Program Files\Java\jdk1.8.0_161\jre\lib\ext\dnsns.jar;C:\Program Files\Java\jdk1.8.0_161\jre\lib\ext\jaccess.jar;C:\Program Files\Java\jdk1.8.0_161\jre\lib\ext\jfxrt.jar;C:\Program Files\Java\jdk1.8.0_161\jre\lib\ext\localedata.jar;C:\Program Files\Java\jdk1.8.0_161\jre\lib\ext\nashorn.jar;C:\Program Files\Java\jdk1.8.0_161\jre\lib\ext\sunec.jar;C:\Program Files\Java\jdk1.8.0_161\jre\lib\ext\sunjce_provider.jar;C:\Program Files\Java\jdk1.8.0_161\jre\lib\ext\sunmscapi.jar;C:\Program Files\Java\jdk1.8.0_161\jre\lib\ext\sunpkcs11.jar;C:\Program Files\Java\jdk1.8.0_161\jre\lib\ext\zipfs.jar;C:\Program Files\Java\jdk1.8.0_161\jre\lib\javaws.jar;C:\Program Files\Java\jdk1.8.0_161\jre\lib\jce.jar;C:\Program Files\Java\jdk1.8.0_161\jre\lib\jfr.jar;C:\Program Files\Java\jdk1.8.0_161\jre\lib\jfxswt.jar;C:\Program Files\Java\jdk1.8.0_161\jre\lib\jsse.jar;C:\Program Files\Java\jdk1.8.0_161\jre\lib\management-agent.jar;C:\Program Files\Java\jdk1.8.0_161\jre\lib\plugin.jar;C:\Program Files\Java\jdk1.8.0_161\jre\lib\resources.jar;C:\Program Files\Java\jdk1.8.0_161\jre\lib\rt.jar;E:\Learn\Project Java\IdeaProjects\twitt\target\test-classes;E:\Learn\Project Java\IdeaProjects\twitt\target\classes;C:\Users\Максим158\.m2\repository\org\springframework\boot\spring-boot-starter-web\2.0.1.RELEASE\spring-boot-starter-web-2.0.1.RELEASE.jar;C:\Users\Максим158\.m2\repository\org\springframework\boot\spring-boot-starter\2.0.1.RELEASE\spring-boot-starter-2.0.1.RELEASE.jar;C:\Users\Максим158\.m2\repository
Launcher Type: SUN_STANDARD

Environment Variables:
JAVA_HOME=C:\Program Files\Java\jdk1.8.0_161
PATH=C:\Program Files (x86)\Common Files\Oracle\Java\javapath;C:\Windows\system32;C:\Windows;C:\Windows\System32\Wbem;C:\Windows\System32\WindowsPowerShell\v1.0\;C:\Windows\System32\OpenSSH\;%JAVA_HOME%\bin;C:\Drive158\Maven\apache-maven-3.5.4\bin;C:\Program Files\nodejs\;C:\Program Files\Git\cmd;C:\Program Files\Git\mingw64\bin;C:\Program Files\Git\usr\bin;C:\Users\Максим158\AppData\Local\Microsoft\WindowsApps;;C:\Program Files\JetBrains\IntelliJ IDEA 2018.3.3\bin;;C:\Users\Максим158\AppData\Roaming\npm
USERNAME=Максим158
OS=Windows_NT
PROCESSOR_IDENTIFIER=Intel64 Family 6 Model 58 Stepping 9, GenuineIntel



---------------  S Y S T E M  ---------------

OS: Windows 10.0 , 64 bit Build 17763 (10.0.17763.379)

CPU:total 4 (initial active 4) (2 cores per cpu, 2 threads per core) family 6 model 58 stepping 9, cmov, cx8, fxsr, mmx, sse, sse2, sse3, ssse3, sse4.1, sse4.2, popcnt, avx, aes, clmul, erms, ht, tsc, tscinvbit, tscinv

Memory: 4k page, physical 8318428k(2797412k free), swap 9137628k(10760k free)

vm_info: Java HotSpot(TM) 64-Bit Server VM (25.161-b12) for windows-amd64 JRE (1.8.0_161-b12), built on Dec 19 2017 17:52:25 by "java_re" with MS VC++ 10.0 (VS2010)

time: Wed Apr 10 16:58:34 2019
elapsed time: 7 seconds (0d 0h 0m 7s)

